<?xml version="1.0" encoding="UTF-8"?>
<!-- Generated by org.testng.reporters.JUnitReportReporter -->
<testsuite hostname="HMECL-FS73VL3" failures="0" tests="1" name="NagarjunPractice.AppTest" time="0.008" errors="0" timestamp="11 Feb 2025 06:27:42 GMT">
  <testcase classname="NagarjunPractice.AppTest" name="startTest" time="0.008"/>
</testsuite> <!-- NagarjunPractice.AppTest -->
