<?xml version="1.0" encoding="UTF-8"?>
<!-- Generated by org.testng.reporters.JUnitReportReporter -->
<testsuite hostname="HMECL-FS73VL3" failures="0" tests="3" name="nagarjunPractice.tests.ProdCheckout" time="78.244" errors="0" timestamp="1 Apr 2025 10:44:29 GMT">
  <testcase classname="nagarjunPractice.tests.ProdCheckout" name="OrderHistoryTest" time="6.348"/>
  <testcase classname="nagarjunPractice.tests.ProdCheckout" name="checkoutProd" time="45.320"/>
  <testcase classname="nagarjunPractice.tests.ProdCheckout" name="checkoutProd" time="26.576"/>
</testsuite> <!-- nagarjunPractice.tests.ProdCheckout -->
