<?xml version="1.0" encoding="UTF-8"?>
<!-- Generated by org.testng.reporters.JUnitReportReporter -->
<testsuite hostname="HMECL-FS73VL3" failures="0" tests="3" name="nagarjunPractice.tests.ProdCheckout" time="50.367" errors="0" timestamp="27 Mar 2025 09:08:07 GMT">
  <testcase classname="nagarjunPractice.tests.ProdCheckout" name="checkoutProd" time="18.230"/>
  <testcase classname="nagarjunPractice.tests.ProdCheckout" name="checkoutProd" time="25.930"/>
  <testcase classname="nagarjunPractice.tests.ProdCheckout" name="OrderHistoryTest" time="6.207"/>
</testsuite> <!-- nagarjunPractice.tests.ProdCheckout -->
