<?xml version="1.0" encoding="UTF-8"?>
<!-- Generated by org.testng.reporters.JUnitReportReporter -->
<testsuite hostname="HMECL-FS73VL3" failures="0" tests="2" name="nagarjunPractice.tests.ProdCheckout" time="68.139" errors="0" timestamp="25 Mar 2025 05:32:14 GMT">
  <testcase classname="nagarjunPractice.tests.ProdCheckout" name="checkoutProd" time="36.576"/>
  <testcase classname="nagarjunPractice.tests.ProdCheckout" name="checkoutProd" time="31.563"/>
</testsuite> <!-- nagarjunPractice.tests.ProdCheckout -->
