<?xml version="1.0" encoding="UTF-8"?>
<!-- Generated by org.testng.reporters.JUnitReportReporter -->
<testsuite hostname="HMECL-FS73VL3" failures="0" tests="3" name="nagarjunPractice.tests.ProdCheckout" time="61.900" errors="0" timestamp="2 Apr 2025 04:34:58 GMT">
  <testcase classname="nagarjunPractice.tests.ProdCheckout" name="OrderHistoryTest" time="9.632"/>
  <testcase classname="nagarjunPractice.tests.ProdCheckout" name="checkoutProd" time="27.752"/>
  <testcase classname="nagarjunPractice.tests.ProdCheckout" name="checkoutProd" time="24.516"/>
</testsuite> <!-- nagarjunPractice.tests.ProdCheckout -->
